  ModuleSceneIntro.cpp
C:\Users\POL\Documents\GitHub\Pinball\ModuleSceneIntro.cpp(295,45): warning C4244: 'argument': conversion from 'TYPE' to 'TYPE', possible loss of data
          with
          [
              TYPE=int
          ]
          and
          [
              TYPE=float
          ]
C:\Users\POL\Documents\GitHub\Pinball\ModuleSceneIntro.cpp(295,30): warning C4244: 'argument': conversion from 'TYPE' to 'TYPE', possible loss of data
          with
          [
              TYPE=int
          ]
          and
          [
              TYPE=float
          ]
C:\Users\POL\Documents\GitHub\Pinball\ModuleSceneIntro.cpp(297,18): warning C4244: 'argument': conversion from 'int' to 'float', possible loss of data
C:\Users\POL\Documents\GitHub\Pinball\ModuleSceneIntro.cpp(299,70): warning C4244: 'argument': conversion from 'TYPE' to 'int', possible loss of data
          with
          [
              TYPE=float
          ]
C:\Users\POL\Documents\GitHub\Pinball\ModuleSceneIntro.cpp(299,47): warning C4244: 'argument': conversion from 'TYPE' to 'int', possible loss of data
          with
          [
              TYPE=float
          ]
C:\Users\POL\Documents\GitHub\Pinball\ModuleSceneIntro.cpp(302,138): warning C4244: 'argument': conversion from 'TYPE' to 'int', possible loss of data
          with
          [
              TYPE=float
          ]
C:\Users\POL\Documents\GitHub\Pinball\ModuleSceneIntro.cpp(302,96): warning C4244: 'argument': conversion from 'TYPE' to 'int', possible loss of data
          with
          [
              TYPE=float
          ]
C:\Users\POL\Documents\GitHub\Pinball\ModuleSceneIntro.cpp(302,57): warning C4244: 'argument': conversion from 'TYPE' to 'int', possible loss of data
          with
          [
              TYPE=float
          ]
C:\Users\POL\Documents\GitHub\Pinball\ModuleSceneIntro.cpp(302,34): warning C4244: 'argument': conversion from 'TYPE' to 'int', possible loss of data
          with
          [
              TYPE=float
          ]
C:\Users\POL\Documents\GitHub\Pinball\ModuleSceneIntro.cpp(310,9): warning C4101: 'y': unreferenced local variable
C:\Users\POL\Documents\GitHub\Pinball\ModuleSceneIntro.cpp(310,6): warning C4101: 'x': unreferenced local variable
  SDL Game.vcxproj -> C:\Users\POL\Documents\GitHub\Pinball\Debug\2D Physics - class 4.exe
